<?xml version="1.0" encoding="UTF-8"?>
<!-- Generated by org.testng.reporters.JUnitXMLReporter -->
<testsuite hostname="LAPTOP-G33HDGNE" ignored="0" name="Test" tests="3" failures="0" timestamp="09 Jan 2022 14:30:22 GMT" time="1.041" errors="0">
  <testcase name="testcase7" time="0.947" classname="org.testing.TestCases.Post"/>
  <testcase name="testcase9" time="0.047" classname="org.testing.TestCases.GetOne"/>
  <testcase name="testcase9" time="0.047" classname="org.testing.TestCases.Delete"/>
</testsuite> <!-- Test -->
